[2025-11-09 21:49:36] [INFO] Script started with options: delay=1, dry-run=false, verbose=false
[2025-11-09 21:49:36] [INFO] Starting with 2197 messages
[2025-11-09 21:49:36] [INFO] Pulling from remote...
[2025-11-09 21:49:37] [SUCCESS] Pull successful
[2025-11-09 21:49:37] [INFO] Staging changes...
[2025-11-09 21:49:37] [INFO] Committing with message: fix: resolve modal display issues (#697)
[2025-11-09 21:49:38] [SUCCESS] Commit successful
[2025-11-09 21:49:38] [INFO] Pushing to remote...
[2025-11-09 21:49:40] [SUCCESS] Push successful
[2025-11-09 21:49:40] [INFO] Message removed from file
[2025-11-09 21:49:41] [INFO] Pulling from remote...
[2025-11-09 21:49:42] [SUCCESS] Pull successful
[2025-11-09 21:49:42] [INFO] Staging changes...
[2025-11-09 21:49:42] [INFO] Committing with message: feature: add airdrop claim button
[2025-11-09 21:49:42] [SUCCESS] Commit successful
[2025-11-09 21:49:42] [INFO] Pushing to remote...
[2025-11-09 21:49:44] [SUCCESS] Push successful
[2025-11-09 21:49:44] [INFO] Message removed from file
[2025-11-09 21:49:45] [INFO] Pulling from remote...
[2025-11-09 21:49:46] [SUCCESS] Pull successful
[2025-11-09 21:49:46] [INFO] Staging changes...
[2025-11-09 21:49:46] [INFO] Committing with message: feat: implement WalletConnect reconnection
[2025-11-09 21:49:46] [SUCCESS] Commit successful
[2025-11-09 21:49:46] [INFO] Pushing to remote...
[2025-11-09 21:49:48] [SUCCESS] Push successful
[2025-11-09 21:49:48] [INFO] Message removed from file
[2025-11-09 21:49:49] [INFO] Pulling from remote...
[2025-11-09 21:49:50] [SUCCESS] Pull successful
[2025-11-09 21:49:50] [INFO] Staging changes...
[2025-11-09 21:49:50] [INFO] Committing with message: REFACTOR: UPDATE AIRDROP CHECKING LOGIC
[2025-11-09 21:49:50] [SUCCESS] Commit successful
[2025-11-09 21:49:50] [INFO] Pushing to remote...
[2025-11-09 21:49:52] [SUCCESS] Push successful
[2025-11-09 21:49:52] [INFO] Message removed from file
[2025-11-09 21:49:53] [INFO] Pulling from remote...
[2025-11-09 21:49:54] [SUCCESS] Pull successful
[2025-11-09 21:49:54] [INFO] Staging changes...
[2025-11-09 21:49:54] [INFO] Committing with message: - Improved performance
[2025-11-09 21:49:54] [SUCCESS] Commit successful
[2025-11-09 21:49:54] [INFO] Pushing to remote...
[2025-11-09 21:49:56] [SUCCESS] Push successful
[2025-11-09 21:49:56] [INFO] Message removed from file
[2025-11-09 21:49:57] [INFO] Pulling from remote...
[2025-11-09 21:49:58] [SUCCESS] Pull successful
[2025-11-09 21:49:58] [INFO] Staging changes...
[2025-11-09 21:49:58] [INFO] Committing with message: FIX: HANDLE REOWN WALLET DISCONNECTION
[2025-11-09 21:49:59] [SUCCESS] Commit successful
[2025-11-09 21:49:59] [INFO] Pushing to remote...
[2025-11-09 21:50:01] [SUCCESS] Push successful
[2025-11-09 21:50:01] [INFO] Message removed from file
[2025-11-09 21:50:02] [INFO] Pulling from remote...
[2025-11-09 21:50:04] [SUCCESS] Pull successful
[2025-11-09 21:50:04] [INFO] Staging changes...
[2025-11-09 21:50:04] [INFO] Committing with message: - Fixed edge cases
[2025-11-09 21:50:04] [SUCCESS] Commit successful
[2025-11-09 21:50:04] [INFO] Pushing to remote...
[2025-11-09 21:50:06] [SUCCESS] Push successful
[2025-11-09 21:50:06] [INFO] Message removed from file
[2025-11-09 21:50:07] [INFO] Pulling from remote...
[2025-11-09 21:50:09] [SUCCESS] Pull successful
[2025-11-09 21:50:09] [INFO] Staging changes...
[2025-11-09 21:50:09] [INFO] Committing with message: feature: implement Reown wallet adapter
[2025-11-09 21:50:11] [SUCCESS] Commit successful
[2025-11-09 21:50:11] [INFO] Pushing to remote...
[2025-11-09 21:50:13] [SUCCESS] Push successful
[2025-11-09 21:50:13] [INFO] Message removed from file
[2025-11-09 21:50:15] [INFO] Pulling from remote...
[2025-11-09 21:50:16] [SUCCESS] Pull successful
[2025-11-09 21:50:16] [INFO] Staging changes...
[2025-11-09 21:50:16] [INFO] Committing with message: SECURITY: SANITIZE USER INPUTS
[2025-11-09 21:50:18] [SUCCESS] Commit successful
[2025-11-09 21:50:18] [INFO] Pushing to remote...
[2025-11-09 21:50:20] [SUCCESS] Push successful
[2025-11-09 21:50:20] [INFO] Message removed from file
[2025-11-09 21:50:21] [INFO] Pulling from remote...
[2025-11-09 21:50:23] [SUCCESS] Pull successful
[2025-11-09 21:50:23] [INFO] Staging changes...
[2025-11-09 21:50:23] [INFO] Committing with message: fix: correct balance calculation - WIP
[2025-11-09 21:50:23] [SUCCESS] Commit successful
[2025-11-09 21:50:23] [INFO] Pushing to remote...
[2025-11-09 21:50:25] [SUCCESS] Push successful
[2025-11-09 21:50:25] [INFO] Message removed from file
[2025-11-09 21:50:26] [INFO] Pulling from remote...
[2025-11-09 21:50:27] [SUCCESS] Pull successful
[2025-11-09 21:50:27] [INFO] Staging changes...
[2025-11-09 21:50:27] [INFO] Committing with message: Feat: implement walletconnect reconnection
[2025-11-09 21:50:28] [SUCCESS] Commit successful
[2025-11-09 21:50:28] [INFO] Pushing to remote...
[2025-11-09 21:50:30] [SUCCESS] Push successful
[2025-11-09 21:50:30] [INFO] Message removed from file
[2025-11-09 21:50:31] [INFO] Pulling from remote...
[2025-11-09 21:50:32] [SUCCESS] Pull successful
[2025-11-09 21:50:32] [INFO] Staging changes...
[2025-11-09 21:50:32] [INFO] Committing with message: feat: add Base chain support
[2025-11-09 21:50:32] [SUCCESS] Commit successful
[2025-11-09 21:50:32] [INFO] Pushing to remote...
[2025-11-09 21:50:34] [SUCCESS] Push successful
[2025-11-09 21:50:34] [INFO] Message removed from file
[2025-11-09 21:50:35] [INFO] Pulling from remote...
[2025-11-09 21:50:36] [SUCCESS] Pull successful
[2025-11-09 21:50:36] [INFO] Staging changes...
[2025-11-09 21:50:36] [INFO] Committing with message: security: add transaction validation (#962)
[2025-11-09 21:50:37] [SUCCESS] Commit successful
[2025-11-09 21:50:37] [INFO] Pushing to remote...
[2025-11-09 21:50:39] [SUCCESS] Push successful
[2025-11-09 21:50:39] [INFO] Message removed from file
[2025-11-09 21:50:40] [INFO] Pulling from remote...
[2025-11-09 21:50:41] [SUCCESS] Pull successful
[2025-11-09 21:50:41] [INFO] Staging changes...
[2025-11-09 21:50:41] [INFO] Committing with message: feat: integrate Reown AppKit with WalletConnect (#687)
[2025-11-09 21:50:42] [SUCCESS] Commit successful
[2025-11-09 21:50:42] [INFO] Pushing to remote...
[2025-11-09 21:50:44] [SUCCESS] Push successful
[2025-11-09 21:50:44] [INFO] Message removed from file
[2025-11-09 21:50:45] [INFO] Pulling from remote...
[2025-11-09 21:50:46] [SUCCESS] Pull successful
[2025-11-09 21:50:46] [INFO] Staging changes...
[2025-11-09 21:50:46] [INFO] Committing with message: bugfix: resolve Reown connection timeout
[2025-11-09 21:50:46] [SUCCESS] Commit successful
[2025-11-09 21:50:46] [INFO] Pushing to remote...
[2025-11-09 21:50:48] [SUCCESS] Push successful
[2025-11-09 21:50:48] [INFO] Message removed from file
[2025-11-09 21:50:49] [INFO] Pulling from remote...
[2025-11-09 21:50:50] [SUCCESS] Pull successful
[2025-11-09 21:50:50] [INFO] Staging changes...
[2025-11-09 21:50:50] [INFO] Committing with message: perf: improve loading times
[2025-11-09 21:50:51] [SUCCESS] Commit successful
[2025-11-09 21:50:51] [INFO] Pushing to remote...
[2025-11-09 21:50:52] [SUCCESS] Push successful
[2025-11-09 21:50:53] [INFO] Message removed from file
[2025-11-09 21:50:54] [INFO] Pulling from remote...
[2025-11-09 21:50:55] [SUCCESS] Pull successful
[2025-11-09 21:50:55] [INFO] Staging changes...
[2025-11-09 21:50:55] [INFO] Committing with message: PERF: OPTIMIZE CHAIN SWITCHING
[2025-11-09 21:50:55] [SUCCESS] Commit successful
[2025-11-09 21:50:55] [INFO] Pushing to remote...
[2025-11-09 21:50:57] [SUCCESS] Push successful
[2025-11-09 21:50:57] [INFO] Message removed from file
[2025-11-09 21:50:58] [INFO] Pulling from remote...
[2025-11-09 21:50:59] [SUCCESS] Pull successful
[2025-11-09 21:50:59] [INFO] Staging changes...
[2025-11-09 21:50:59] [INFO] Committing with message: FIX: CORRECT REOWN SESSION HANDLING
[2025-11-09 21:51:00] [SUCCESS] Commit successful
[2025-11-09 21:51:00] [INFO] Pushing to remote...
[2025-11-09 21:51:02] [SUCCESS] Push successful
[2025-11-09 21:51:02] [INFO] Message removed from file
[2025-11-09 21:51:03] [INFO] Pulling from remote...
[2025-11-09 21:51:04] [SUCCESS] Pull successful
[2025-11-09 21:51:04] [INFO] Staging changes...
[2025-11-09 21:51:04] [INFO] Committing with message: security: add transaction validation
[2025-11-09 21:51:04] [SUCCESS] Commit successful
[2025-11-09 21:51:04] [INFO] Pushing to remote...
[2025-11-09 21:51:06] [SUCCESS] Push successful
[2025-11-09 21:51:06] [INFO] Message removed from file
[2025-11-09 21:51:07] [INFO] Pulling from remote...
[2025-11-09 21:51:09] [SUCCESS] Pull successful
[2025-11-09 21:51:09] [INFO] Staging changes...
[2025-11-09 21:51:09] [INFO] Committing with message: FEAT: ADD APPKIT WALLET ADAPTER
[2025-11-09 21:51:09] [SUCCESS] Commit successful
[2025-11-09 21:51:09] [INFO] Pushing to remote...
[2025-11-09 21:51:11] [SUCCESS] Push successful
[2025-11-09 21:51:11] [INFO] Message removed from file
[2025-11-09 21:51:12] [INFO] Pulling from remote...
[2025-11-09 21:51:13] [SUCCESS] Pull successful
[2025-11-09 21:51:13] [INFO] Staging changes...
